<?xml version="1.0" encoding="UTF-8"?>
<!-- Generated by org.testng.reporters.JUnitReportReporter -->
<testsuite hostname="LAPTOP-OG0KRC8M" failures="0" tests="1" name="com.syntax.testcases.ExcelWriteDemo" time="0.826" errors="0" timestamp="15 Jun 2019 15:44:12 GMT" skipped="0">
  <testcase classname="com.syntax.testcases.ExcelWriteDemo" name="writeExcel" time="0.826"/>
</testsuite> <!-- com.syntax.testcases.ExcelWriteDemo -->
