<?xml version="1.0" encoding="UTF-8"?>
<!-- Generated by org.testng.reporters.JUnitReportReporter -->
<testsuite hostname="LAPTOP-OG0KRC8M" failures="0" tests="1" name="com.syntax.pages.NegativeTest" time="8.948" errors="0" timestamp="09 Jun 2019 16:24:18 GMT" skipped="0">
  <testcase classname="com.syntax.pages.NegativeTest" name="loginToOrangeHRM" time="8.948"/>
</testsuite> <!-- com.syntax.pages.NegativeTest -->
