<?xml version="1.0" encoding="UTF-8"?>
<!-- Generated by org.testng.reporters.JUnitReportReporter -->
<testsuite hostname="LAPTOP-OG0KRC8M" failures="0" tests="1" name="com.syntax.utils.BaseClass" time="8.116" errors="0" timestamp="08 Jun 2019 18:44:39 GMT" skipped="0">
  <testcase classname="com.syntax.utils.BaseClass" name="setUp" time="8.116"/>
</testsuite> <!-- com.syntax.utils.BaseClass -->
