<?xml version="1.0" encoding="UTF-8"?>
<!-- Generated by org.testng.reporters.JUnitReportReporter -->
<testsuite hostname="LAPTOP-OG0KRC8M" failures="0" tests="1" name="com.syntax.practice.excelFunctionsTest" time="1.665" errors="0" timestamp="16 Jun 2019 14:32:50 GMT" skipped="0">
  <testcase classname="com.syntax.practice.excelFunctionsTest" name="excelTest" time="1.665"/>
</testsuite> <!-- com.syntax.practice.excelFunctionsTest -->
