<?xml version="1.0" encoding="UTF-8"?>
<!-- Generated by org.testng.reporters.JUnitReportReporter -->
<testsuite hostname="LAPTOP-OG0KRC8M" failures="0" tests="5" name="com.syntax.testcases.AddLocationTest" time="115.483" errors="0" timestamp="16 Jun 2019 14:08:22 GMT" skipped="0">
  <testcase classname="com.syntax.testcases.AddLocationTest" name="addLocation" time="23.364"/>
  <testcase classname="com.syntax.testcases.AddLocationTest" name="addLocation" time="22.774"/>
  <testcase classname="com.syntax.testcases.AddLocationTest" name="addLocation" time="23.032"/>
  <testcase classname="com.syntax.testcases.AddLocationTest" name="addLocation" time="24.099"/>
  <testcase classname="com.syntax.testcases.AddLocationTest" name="addLocation" time="22.214"/>
</testsuite> <!-- com.syntax.testcases.AddLocationTest -->
