<?xml version="1.0" encoding="UTF-8"?>
<!-- Generated by org.testng.reporters.JUnitReportReporter -->
<testsuite hostname="LAPTOP-OG0KRC8M" failures="0" tests="1" name="com.syntax.testcases.excelDemo" time="0.613" errors="0" timestamp="15 Jun 2019 14:46:51 GMT" skipped="0">
  <testcase classname="com.syntax.testcases.excelDemo" name="readExcel" time="0.613"/>
</testsuite> <!-- com.syntax.testcases.excelDemo -->
