<?xml version="1.0" encoding="UTF-8"?>
<!-- Generated by org.testng.reporters.JUnitReportReporter -->
<testsuite hostname="LAPTOP-OG0KRC8M" failures="0" tests="1" name="com.syntax.practice.ExcelReview" time="0.694" errors="0" timestamp="15 Jun 2019 14:39:01 GMT" skipped="0">
  <testcase classname="com.syntax.practice.ExcelReview" name="readExcel" time="0.694"/>
</testsuite> <!-- com.syntax.practice.ExcelReview -->
